node:internal/modules/cjs/loader:1147
  throw err;
  ^

Error: Cannot find module 'csv-writer'
Require stack:
- C:\Users\Shamsullah\Desktop\complete project\CrimeAnalysis-Backend\Backend\util\windowService.js
    at Module._resolveFilename (node:internal/modules/cjs/loader:1144:15)
    at Module._load (node:internal/modules/cjs/loader:985:27)
    at Module.require (node:internal/modules/cjs/loader:1235:19)
    at require (node:internal/modules/helpers:176:18)
    at Object.<anonymous> (C:\Users\Shamsullah\Desktop\complete project\CrimeAnalysis-Backend\Backend\util\windowService.js:5:19)
    at Module._compile (node:internal/modules/cjs/loader:1376:14)
    at Module._extensions..js (node:internal/modules/cjs/loader:1435:10)
    at Module.load (node:internal/modules/cjs/loader:1207:32)
    at Module._load (node:internal/modules/cjs/loader:1023:12)
    at Function.executeUserEntryPoint [as runMain] (node:internal/modules/run_main:135:12) {
  code: 'MODULE_NOT_FOUND',
  requireStack: [
    'C:\\Users\\Shamsullah\\Desktop\\complete project\\CrimeAnalysis-Backend\\Backend\\util\\windowService.js'
  ]
}

Node.js v20.10.0
node:internal/modules/cjs/loader:1147
  throw err;
  ^

Error: Cannot find module 'csv-writer'
Require stack:
- C:\Users\Shamsullah\Desktop\complete project\CrimeAnalysis-Backend\Backend\util\windowService.js
    at Module._resolveFilename (node:internal/modules/cjs/loader:1144:15)
    at Module._load (node:internal/modules/cjs/loader:985:27)
    at Module.require (node:internal/modules/cjs/loader:1235:19)
    at require (node:internal/modules/helpers:176:18)
    at Object.<anonymous> (C:\Users\Shamsullah\Desktop\complete project\CrimeAnalysis-Backend\Backend\util\windowService.js:5:19)
    at Module._compile (node:internal/modules/cjs/loader:1376:14)
    at Module._extensions..js (node:internal/modules/cjs/loader:1435:10)
    at Module.load (node:internal/modules/cjs/loader:1207:32)
    at Module._load (node:internal/modules/cjs/loader:1023:12)
    at Function.executeUserEntryPoint [as runMain] (node:internal/modules/run_main:135:12) {
  code: 'MODULE_NOT_FOUND',
  requireStack: [
    'C:\\Users\\Shamsullah\\Desktop\\complete project\\CrimeAnalysis-Backend\\Backend\\util\\windowService.js'
  ]
}

Node.js v20.10.0
node:internal/modules/cjs/loader:1147
  throw err;
  ^

Error: Cannot find module 'csv-writer'
Require stack:
- C:\Users\Shamsullah\Desktop\complete project\CrimeAnalysis-Backend\Backend\util\windowService.js
    at Module._resolveFilename (node:internal/modules/cjs/loader:1144:15)
    at Module._load (node:internal/modules/cjs/loader:985:27)
    at Module.require (node:internal/modules/cjs/loader:1235:19)
    at require (node:internal/modules/helpers:176:18)
    at Object.<anonymous> (C:\Users\Shamsullah\Desktop\complete project\CrimeAnalysis-Backend\Backend\util\windowService.js:5:19)
    at Module._compile (node:internal/modules/cjs/loader:1376:14)
    at Module._extensions..js (node:internal/modules/cjs/loader:1435:10)
    at Module.load (node:internal/modules/cjs/loader:1207:32)
    at Module._load (node:internal/modules/cjs/loader:1023:12)
    at Function.executeUserEntryPoint [as runMain] (node:internal/modules/run_main:135:12) {
  code: 'MODULE_NOT_FOUND',
  requireStack: [
    'C:\\Users\\Shamsullah\\Desktop\\complete project\\CrimeAnalysis-Backend\\Backend\\util\\windowService.js'
  ]
}

Node.js v20.10.0
node:internal/modules/cjs/loader:1147
  throw err;
  ^

Error: Cannot find module 'csv-writer'
Require stack:
- C:\Users\Shamsullah\Desktop\complete project\CrimeAnalysis-Backend\Backend\util\windowService.js
    at Module._resolveFilename (node:internal/modules/cjs/loader:1144:15)
    at Module._load (node:internal/modules/cjs/loader:985:27)
    at Module.require (node:internal/modules/cjs/loader:1235:19)
    at require (node:internal/modules/helpers:176:18)
    at Object.<anonymous> (C:\Users\Shamsullah\Desktop\complete project\CrimeAnalysis-Backend\Backend\util\windowService.js:5:19)
    at Module._compile (node:internal/modules/cjs/loader:1376:14)
    at Module._extensions..js (node:internal/modules/cjs/loader:1435:10)
    at Module.load (node:internal/modules/cjs/loader:1207:32)
    at Module._load (node:internal/modules/cjs/loader:1023:12)
    at Function.executeUserEntryPoint [as runMain] (node:internal/modules/run_main:135:12) {
  code: 'MODULE_NOT_FOUND',
  requireStack: [
    'C:\\Users\\Shamsullah\\Desktop\\complete project\\CrimeAnalysis-Backend\\Backend\\util\\windowService.js'
  ]
}

Node.js v20.10.0
node:internal/modules/cjs/loader:1147
  throw err;
  ^

Error: Cannot find module 'csv-writer'
Require stack:
- C:\Users\Shamsullah\Desktop\complete project\CrimeAnalysis-Backend\Backend\util\windowService.js
    at Module._resolveFilename (node:internal/modules/cjs/loader:1144:15)
    at Module._load (node:internal/modules/cjs/loader:985:27)
    at Module.require (node:internal/modules/cjs/loader:1235:19)
    at require (node:internal/modules/helpers:176:18)
    at Object.<anonymous> (C:\Users\Shamsullah\Desktop\complete project\CrimeAnalysis-Backend\Backend\util\windowService.js:5:19)
    at Module._compile (node:internal/modules/cjs/loader:1376:14)
    at Module._extensions..js (node:internal/modules/cjs/loader:1435:10)
    at Module.load (node:internal/modules/cjs/loader:1207:32)
    at Module._load (node:internal/modules/cjs/loader:1023:12)
    at Function.executeUserEntryPoint [as runMain] (node:internal/modules/run_main:135:12) {
  code: 'MODULE_NOT_FOUND',
  requireStack: [
    'C:\\Users\\Shamsullah\\Desktop\\complete project\\CrimeAnalysis-Backend\\Backend\\util\\windowService.js'
  ]
}

Node.js v20.10.0
node:internal/modules/cjs/loader:1147
  throw err;
  ^

Error: Cannot find module 'csv-writer'
Require stack:
- C:\Users\Shamsullah\Desktop\complete project\CrimeAnalysis-Backend\Backend\util\windowService.js
    at Module._resolveFilename (node:internal/modules/cjs/loader:1144:15)
    at Module._load (node:internal/modules/cjs/loader:985:27)
    at Module.require (node:internal/modules/cjs/loader:1235:19)
    at require (node:internal/modules/helpers:176:18)
    at Object.<anonymous> (C:\Users\Shamsullah\Desktop\complete project\CrimeAnalysis-Backend\Backend\util\windowService.js:5:19)
    at Module._compile (node:internal/modules/cjs/loader:1376:14)
    at Module._extensions..js (node:internal/modules/cjs/loader:1435:10)
    at Module.load (node:internal/modules/cjs/loader:1207:32)
    at Module._load (node:internal/modules/cjs/loader:1023:12)
    at Function.executeUserEntryPoint [as runMain] (node:internal/modules/run_main:135:12) {
  code: 'MODULE_NOT_FOUND',
  requireStack: [
    'C:\\Users\\Shamsullah\\Desktop\\complete project\\CrimeAnalysis-Backend\\Backend\\util\\windowService.js'
  ]
}

Node.js v20.10.0
